c:\users\coderx64\dropbox\универ\компграф\coding\sgusolution\sgusolution\task3\debug\vc120.pdb
c:\users\coderx64\dropbox\универ\компграф\coding\sgusolution\sgusolution\task3\debug\taskn.obj
c:\users\coderx64\dropbox\универ\компграф\coding\sgusolution\sgusolution\task3\debug\matrix.obj
c:\users\coderx64\dropbox\универ\компграф\coding\sgusolution\sgusolution\task3\debug\.netframework,version=v4.5.assemblyattributes.obj
c:\users\coderx64\dropbox\универ\компграф\coding\sgusolution\sgusolution\debug\task3.exe
c:\users\coderx64\dropbox\универ\компграф\coding\sgusolution\sgusolution\debug\task3.pdb
c:\users\coderx64\dropbox\универ\компграф\coding\sgusolution\sgusolution\task3\debug\app.res
c:\users\coderx64\dropbox\универ\компграф\coding\sgusolution\sgusolution\task3\debug\taskn.form1.resources
c:\users\coderx64\dropbox\универ\компграф\coding\sgusolution\sgusolution\task3\debug\taskn.vcxproj.generateresource.cache
c:\users\coderx64\dropbox\универ\компграф\coding\sgusolution\sgusolution\task3\debug\taskn.vcxprojresolveassemblyreference.cache
c:\users\coderx64\dropbox\универ\компграф\coding\sgusolution\sgusolution\task3\debug\task3.tlog\cl.command.1.tlog
c:\users\coderx64\dropbox\универ\компграф\coding\sgusolution\sgusolution\task3\debug\task3.tlog\cl.read.1.tlog
c:\users\coderx64\dropbox\универ\компграф\coding\sgusolution\sgusolution\task3\debug\task3.tlog\cl.write.1.tlog
c:\users\coderx64\dropbox\универ\компграф\coding\sgusolution\sgusolution\task3\debug\task3.tlog\link.command.1.tlog
c:\users\coderx64\dropbox\универ\компграф\coding\sgusolution\sgusolution\task3\debug\task3.tlog\link.read.1.tlog
c:\users\coderx64\dropbox\универ\компграф\coding\sgusolution\sgusolution\task3\debug\task3.tlog\link.write.1.tlog
c:\users\coderx64\dropbox\универ\компграф\coding\sgusolution\sgusolution\task3\debug\task3.tlog\metagen.read.1.tlog
c:\users\coderx64\dropbox\универ\компграф\coding\sgusolution\sgusolution\task3\debug\task3.tlog\metagen.write.1.tlog
c:\users\coderx64\dropbox\универ\компграф\coding\sgusolution\sgusolution\task3\debug\task3.tlog\rc.command.1.tlog
c:\users\coderx64\dropbox\универ\компграф\coding\sgusolution\sgusolution\task3\debug\task3.tlog\rc.read.1.tlog
c:\users\coderx64\dropbox\универ\компграф\coding\sgusolution\sgusolution\task3\debug\task3.tlog\rc.write.1.tlog
c:\users\coderx64\dropbox\универ\компграф\coding\sgusolution\sgusolution\task3\debug\task3.tlog\task3.write.1u.tlog
c:\users\coderx64\dropbox\универ\компграф\coding\sgusolution\sgusolution\task3\debug\task3.tlog\tzres.dll.bi
